{"C:\\1.drive\\training\\toshiba\\vue\\day-9\\src\\components\\Count.vue": {"path":"C:\\1.drive\\training\\toshiba\\vue\\day-9\\src\\components\\Count.vue","statementMap":{"0":{"start":{"line":9,"column":15},"end":{"line":9,"column":null}},"1":{"start":{"line":12,"column":4},"end":{"line":12,"column":11}},"2":{"start":{"line":18,"column":6},"end":{"line":22,"column":null}},"3":{"start":{"line":19,"column":8},"end":{"line":19,"column":15}},"4":{"start":{"line":21,"column":8},"end":{"line":21,"column":15}},"5":{"start":{"line":27,"column":6},"end":{"line":27,"column":13}},"6":{"start":{"line":28,"column":6},"end":{"line":30,"column":null}},"7":{"start":{"line":29,"column":8},"end":{"line":29,"column":13}},"8":{"start":{"line":33,"column":6},"end":{"line":35,"column":null}},"9":{"start":{"line":34,"column":8},"end":{"line":34,"column":13}},"10":{"start":{"line":40,"column":6},"end":{"line":40,"column":11}},"11":{"start":{"line":43,"column":6},"end":{"line":43,"column":11}}},"fnMap":{"0":{"name":"(anonymous_0)","decl":{"start":{"line":11,"column":2},"end":{"line":11,"column":6}},"loc":{"start":{"line":11,"column":9},"end":{"line":15,"column":null}}},"1":{"name":"(anonymous_1)","decl":{"start":{"line":17,"column":4},"end":{"line":17,"column":18}},"loc":{"start":{"line":17,"column":21},"end":{"line":23,"column":null}}},"2":{"name":"(anonymous_2)","decl":{"start":{"line":26,"column":4},"end":{"line":26,"column":9}},"loc":{"start":{"line":26,"column":26},"end":{"line":31,"column":null}}},"3":{"name":"(anonymous_3)","decl":{"start":{"line":32,"column":4},"end":{"line":32,"column":18}},"loc":{"start":{"line":32,"column":27},"end":{"line":36,"column":null}}},"4":{"name":"(anonymous_4)","decl":{"start":{"line":39,"column":4},"end":{"line":39,"column":13}},"loc":{"start":{"line":39,"column":16},"end":{"line":41,"column":null}}},"5":{"name":"(anonymous_5)","decl":{"start":{"line":42,"column":4},"end":{"line":42,"column":13}},"loc":{"start":{"line":42,"column":16},"end":{"line":44,"column":null}}}},"branchMap":{"0":{"loc":{"start":{"line":18,"column":6},"end":{"line":22,"column":null}},"type":"if","locations":[{"start":{"line":18,"column":6},"end":{"line":22,"column":null}},{"start":{"line":18,"column":6},"end":{"line":22,"column":null}}]},"1":{"loc":{"start":{"line":28,"column":6},"end":{"line":30,"column":null}},"type":"if","locations":[{"start":{"line":28,"column":6},"end":{"line":30,"column":null}},{"start":{"line":28,"column":6},"end":{"line":30,"column":null}}]},"2":{"loc":{"start":{"line":33,"column":6},"end":{"line":35,"column":null}},"type":"if","locations":[{"start":{"line":33,"column":6},"end":{"line":35,"column":null}},{"start":{"line":33,"column":6},"end":{"line":35,"column":null}}]}},"s":{"0":0,"1":0,"2":0,"3":0,"4":0,"5":0,"6":0,"7":0,"8":0,"9":0,"10":0,"11":0},"f":{"0":0,"1":0,"2":0,"3":0,"4":0,"5":0},"b":{"0":[0,0],"1":[0,0],"2":[0,0]}}
,"C:\\1.drive\\training\\toshiba\\vue\\day-9\\src\\components\\Features.vue": {"path":"C:\\1.drive\\training\\toshiba\\vue\\day-9\\src\\components\\Features.vue","statementMap":{"0":{"start":{"line":3,"column":15},"end":{"line":3,"column":null}}},"fnMap":{},"branchMap":{},"s":{"0":0},"f":{},"b":{}}
,"C:\\1.drive\\training\\toshiba\\vue\\day-9\\src\\components\\HelloI18n.vue": {"path":"C:\\1.drive\\training\\toshiba\\vue\\day-9\\src\\components\\HelloI18n.vue","statementMap":{"0":{"start":{"line":6,"column":0},"end":{"line":6,"column":null}},"1":{"start":{"line":7,"column":0},"end":{"line":7,"column":null}},"2":{"start":{"line":9,"column":15},"end":{"line":9,"column":31}},"3":{"start":{"line":12,"column":18},"end":{"line":12,"column":26}},"4":{"start":{"line":19,"column":4},"end":{"line":19,"column":11}}},"fnMap":{"0":{"name":"(anonymous_0)","decl":{"start":{"line":11,"column":2},"end":{"line":11,"column":7}},"loc":{"start":{"line":11,"column":10},"end":{"line":20,"column":null}}}},"branchMap":{},"s":{"0":0,"1":0,"2":0,"3":0,"4":0},"f":{"0":0},"b":{}}
,"C:\\1.drive\\training\\toshiba\\vue\\day-9\\src\\components\\LocaleSwitcher.vue": {"path":"C:\\1.drive\\training\\toshiba\\vue\\day-9\\src\\components\\LocaleSwitcher.vue","statementMap":{"0":{"start":{"line":9,"column":15},"end":{"line":9,"column":null}},"1":{"start":{"line":11,"column":4},"end":{"line":11,"column":11}},"2":{"start":{"line":31,"column":8},"end":{"line":31,"column":15}},"3":{"start":{"line":34,"column":8},"end":{"line":34,"column":13}},"4":{"start":{"line":35,"column":8},"end":{"line":35,"column":13}},"5":{"start":{"line":40,"column":4},"end":{"line":40,"column":9}}},"fnMap":{"0":{"name":"(anonymous_0)","decl":{"start":{"line":10,"column":2},"end":{"line":10,"column":6}},"loc":{"start":{"line":10,"column":9},"end":{"line":27,"column":null}}},"1":{"name":"(anonymous_1)","decl":{"start":{"line":30,"column":6},"end":{"line":30,"column":9}},"loc":{"start":{"line":30,"column":12},"end":{"line":32,"column":null}}},"2":{"name":"(anonymous_2)","decl":{"start":{"line":33,"column":6},"end":{"line":33,"column":9}},"loc":{"start":{"line":33,"column":18},"end":{"line":36,"column":null}}},"3":{"name":"(anonymous_3)","decl":{"start":{"line":39,"column":2},"end":{"line":39,"column":9}},"loc":{"start":{"line":39,"column":12},"end":{"line":41,"column":null}}}},"branchMap":{},"s":{"0":0,"1":0,"2":0,"3":0,"4":0,"5":0},"f":{"0":0,"1":0,"2":0,"3":0},"b":{}}
,"C:\\1.drive\\training\\toshiba\\vue\\day-9\\src\\components\\Modal.vue": {"path":"C:\\1.drive\\training\\toshiba\\vue\\day-9\\src\\components\\Modal.vue","statementMap":{"0":{"start":{"line":18,"column":15},"end":{"line":18,"column":null}},"1":{"start":{"line":31,"column":4},"end":{"line":31,"column":11}},"2":{"start":{"line":37,"column":6},"end":{"line":37,"column":11}}},"fnMap":{"0":{"name":"(anonymous_0)","decl":{"start":{"line":30,"column":2},"end":{"line":30,"column":6}},"loc":{"start":{"line":30,"column":9},"end":{"line":34,"column":null}}},"1":{"name":"(anonymous_1)","decl":{"start":{"line":36,"column":4},"end":{"line":36,"column":9}},"loc":{"start":{"line":36,"column":12},"end":{"line":38,"column":null}}}},"branchMap":{},"s":{"0":0,"1":0,"2":0},"f":{"0":0,"1":0},"b":{}}
,"C:\\1.drive\\training\\toshiba\\vue\\day-9\\src\\components\\NameForm.vue": {"path":"C:\\1.drive\\training\\toshiba\\vue\\day-9\\src\\components\\NameForm.vue","statementMap":{"0":{"start":{"line":6,"column":15},"end":{"line":6,"column":null}},"1":{"start":{"line":8,"column":4},"end":{"line":8,"column":11}}},"fnMap":{"0":{"name":"(anonymous_0)","decl":{"start":{"line":7,"column":2},"end":{"line":7,"column":6}},"loc":{"start":{"line":7,"column":9},"end":{"line":11,"column":null}}}},"branchMap":{},"s":{"0":0,"1":0},"f":{"0":0},"b":{}}
,"C:\\1.drive\\training\\toshiba\\vue\\day-9\\src\\components\\Navbar.vue": {"path":"C:\\1.drive\\training\\toshiba\\vue\\day-9\\src\\components\\Navbar.vue","statementMap":{"0":{"start":{"line":35,"column":0},"end":{"line":35,"column":null}},"1":{"start":{"line":36,"column":0},"end":{"line":36,"column":null}},"2":{"start":{"line":37,"column":0},"end":{"line":37,"column":null}},"3":{"start":{"line":38,"column":0},"end":{"line":38,"column":null}},"4":{"start":{"line":39,"column":0},"end":{"line":39,"column":null}},"5":{"start":{"line":40,"column":15},"end":{"line":40,"column":null}},"6":{"start":{"line":56,"column":18},"end":{"line":56,"column":null}},"7":{"start":{"line":57,"column":19},"end":{"line":57,"column":null}},"8":{"start":{"line":60,"column":23},"end":{"line":60,"column":27}},"9":{"start":{"line":61,"column":28},"end":{"line":61,"column":32}},"10":{"start":{"line":62,"column":4},"end":{"line":62,"column":22}},"11":{"start":{"line":63,"column":6},"end":{"line":63,"column":16}},"12":{"start":{"line":64,"column":6},"end":{"line":64,"column":16}},"13":{"start":{"line":65,"column":8},"end":{"line":65,"column":15}},"14":{"start":{"line":67,"column":6},"end":{"line":67,"column":21}},"15":{"start":{"line":70,"column":6},"end":{"line":70,"column":21}},"16":{"start":{"line":71,"column":6},"end":{"line":71,"column":10}},"17":{"start":{"line":79,"column":18},"end":{"line":79,"column":22}},"18":{"start":{"line":80,"column":23},"end":{"line":80,"column":32}},"19":{"start":{"line":81,"column":6},"end":{"line":81,"column":13}},"20":{"start":{"line":83,"column":4},"end":{"line":83,"column":10}},"21":{"start":{"line":84,"column":6},"end":{"line":84,"column":10}},"22":{"start":{"line":93,"column":6},"end":{"line":93,"column":12}},"23":{"start":{"line":96,"column":6},"end":{"line":96,"column":12}},"24":{"start":{"line":99,"column":6},"end":{"line":99,"column":11}},"25":{"start":{"line":103,"column":4},"end":{"line":103,"column":14}},"26":{"start":{"line":104,"column":6},"end":{"line":104,"column":13}},"27":{"start":{"line":107,"column":4},"end":{"line":107,"column":11}}},"fnMap":{"0":{"name":"(anonymous_0)","decl":{"start":{"line":55,"column":2},"end":{"line":55,"column":7}},"loc":{"start":{"line":55,"column":25},"end":{"line":115,"column":null}}},"1":{"name":"(anonymous_1)","decl":{"start":{"line":62,"column":28},"end":{"line":62,"column":36}},"loc":{"start":{"line":62,"column":36},"end":{"line":68,"column":null}}},"2":{"name":"(anonymous_2)","decl":{"start":{"line":64,"column":47},"end":{"line":64,"column":56}},"loc":{"start":{"line":64,"column":56},"end":{"line":66,"column":null}}},"3":{"name":"categorySelected","decl":{"start":{"line":69,"column":13},"end":{"line":69,"column":30}},"loc":{"start":{"line":69,"column":36},"end":{"line":75,"column":null}}},"4":{"name":"(anonymous_4)","decl":{"start":{"line":80,"column":32},"end":{"line":80,"column":38}},"loc":{"start":{"line":80,"column":38},"end":{"line":82,"column":null}}},"5":{"name":"(anonymous_5)","decl":{"start":{"line":83,"column":20},"end":{"line":83,"column":31}},"loc":{"start":{"line":83,"column":31},"end":{"line":88,"column":null}}},"6":{"name":"navigateToProfile","decl":{"start":{"line":92,"column":13},"end":{"line":92,"column":33}},"loc":{"start":{"line":92,"column":33},"end":{"line":94,"column":null}}},"7":{"name":"login","decl":{"start":{"line":95,"column":13},"end":{"line":95,"column":21}},"loc":{"start":{"line":95,"column":21},"end":{"line":97,"column":null}}},"8":{"name":"logout","decl":{"start":{"line":98,"column":13},"end":{"line":98,"column":22}},"loc":{"start":{"line":98,"column":22},"end":{"line":100,"column":null}}},"9":{"name":"(anonymous_9)","decl":{"start":{"line":103,"column":14},"end":{"line":103,"column":20}},"loc":{"start":{"line":103,"column":20},"end":{"line":105,"column":null}}}},"branchMap":{},"s":{"0":0,"1":0,"2":0,"3":0,"4":0,"5":0,"6":0,"7":0,"8":0,"9":0,"10":0,"11":0,"12":0,"13":0,"14":0,"15":0,"16":0,"17":0,"18":0,"19":0,"20":0,"21":0,"22":0,"23":0,"24":0,"25":0,"26":0,"27":0},"f":{"0":0,"1":0,"2":0,"3":0,"4":0,"5":0,"6":0,"7":0,"8":0,"9":0},"b":{}}
,"C:\\1.drive\\training\\toshiba\\vue\\day-9\\src\\components\\Product.vue": {"path":"C:\\1.drive\\training\\toshiba\\vue\\day-9\\src\\components\\Product.vue","statementMap":{"0":{"start":{"line":11,"column":0},"end":{"line":11,"column":null}},"1":{"start":{"line":12,"column":0},"end":{"line":12,"column":null}},"2":{"start":{"line":13,"column":15},"end":{"line":13,"column":null}},"3":{"start":{"line":25,"column":6},"end":{"line":25,"column":11}},"4":{"start":{"line":28,"column":6},"end":{"line":28,"column":11}}},"fnMap":{"0":{"name":"(anonymous_0)","decl":{"start":{"line":24,"column":4},"end":{"line":24,"column":13}},"loc":{"start":{"line":24,"column":16},"end":{"line":26,"column":null}}},"1":{"name":"(anonymous_1)","decl":{"start":{"line":27,"column":4},"end":{"line":27,"column":17}},"loc":{"start":{"line":27,"column":20},"end":{"line":29,"column":null}}}},"branchMap":{},"s":{"0":1,"1":1,"2":1,"3":1,"4":1},"f":{"0":1,"1":1},"b":{}}
,"C:\\1.drive\\training\\toshiba\\vue\\day-9\\src\\components\\Review.vue": {"path":"C:\\1.drive\\training\\toshiba\\vue\\day-9\\src\\components\\Review.vue","statementMap":{"0":{"start":{"line":3,"column":15},"end":{"line":3,"column":null}}},"fnMap":{},"branchMap":{},"s":{"0":0},"f":{},"b":{}}
,"C:\\1.drive\\training\\toshiba\\vue\\day-9\\src\\components\\Specs.vue": {"path":"C:\\1.drive\\training\\toshiba\\vue\\day-9\\src\\components\\Specs.vue","statementMap":{"0":{"start":{"line":3,"column":15},"end":{"line":3,"column":null}}},"fnMap":{},"branchMap":{},"s":{"0":0},"f":{},"b":{}}
,"C:\\1.drive\\training\\toshiba\\vue\\day-9\\src\\formats\\dateTimeFormats.js": {"path":"C:\\1.drive\\training\\toshiba\\vue\\day-9\\src\\formats\\dateTimeFormats.js","statementMap":{"0":{"start":{"line":1,"column":24},"end":{"line":34,"column":1}}},"fnMap":{},"branchMap":{},"s":{"0":0},"f":{},"b":{},"hash":"c84809b7f3fe85510f7dcb6d15aaf1249aa81393"}
,"C:\\1.drive\\training\\toshiba\\vue\\day-9\\src\\formats\\numberFormats.js": {"path":"C:\\1.drive\\training\\toshiba\\vue\\day-9\\src\\formats\\numberFormats.js","statementMap":{"0":{"start":{"line":1,"column":22},"end":{"line":22,"column":1}}},"fnMap":{},"branchMap":{},"s":{"0":0},"f":{},"b":{},"hash":"7361106d34719c04fac02d85c3247a66a0f276b1"}
,"C:\\1.drive\\training\\toshiba\\vue\\day-9\\src\\mixins\\toast.js": {"path":"C:\\1.drive\\training\\toshiba\\vue\\day-9\\src\\mixins\\toast.js","statementMap":{"0":{"start":{"line":6,"column":6},"end":{"line":10,"column":7}},"1":{"start":{"line":7,"column":8},"end":{"line":7,"column":55}},"2":{"start":{"line":9,"column":8},"end":{"line":9,"column":29}}},"fnMap":{"0":{"name":"(anonymous_0)","decl":{"start":{"line":5,"column":4},"end":{"line":5,"column":5}},"loc":{"start":{"line":5,"column":22},"end":{"line":11,"column":5}},"line":5}},"branchMap":{"0":{"loc":{"start":{"line":6,"column":6},"end":{"line":10,"column":7}},"type":"if","locations":[{"start":{"line":6,"column":6},"end":{"line":10,"column":7}},{"start":{"line":6,"column":6},"end":{"line":10,"column":7}}],"line":6}},"s":{"0":0,"1":0,"2":0},"f":{"0":0},"b":{"0":[0,0]},"hash":"cffa23d85af2d4a49956f446027f8bb032044543"}
,"C:\\1.drive\\training\\toshiba\\vue\\day-9\\src\\mixins\\toastTemp.js": {"path":"C:\\1.drive\\training\\toshiba\\vue\\day-9\\src\\mixins\\toastTemp.js","statementMap":{"0":{"start":{"line":4,"column":6},"end":{"line":4,"column":25}}},"fnMap":{"0":{"name":"(anonymous_0)","decl":{"start":{"line":3,"column":4},"end":{"line":3,"column":5}},"loc":{"start":{"line":3,"column":22},"end":{"line":5,"column":5}},"line":3}},"branchMap":{},"s":{"0":0},"f":{"0":0},"b":{},"hash":"b5c74073ef8907e92a8e6aae8328fff10db487da"}
,"C:\\1.drive\\training\\toshiba\\vue\\day-9\\src\\plugins\\i18n.js": {"path":"C:\\1.drive\\training\\toshiba\\vue\\day-9\\src\\plugins\\i18n.js","statementMap":{"0":{"start":{"line":11,"column":18},"end":{"line":15,"column":3}},"1":{"start":{"line":16,"column":19},"end":{"line":16,"column":21}},"2":{"start":{"line":17,"column":2},"end":{"line":23,"column":4}},"3":{"start":{"line":18,"column":20},"end":{"line":18,"column":52}},"4":{"start":{"line":19,"column":4},"end":{"line":22,"column":5}},"5":{"start":{"line":20,"column":21},"end":{"line":20,"column":31}},"6":{"start":{"line":21,"column":6},"end":{"line":21,"column":45}},"7":{"start":{"line":24,"column":2},"end":{"line":24,"column":17}},"8":{"start":{"line":28,"column":15},"end":{"line":28,"column":51}},"9":{"start":{"line":29,"column":2},"end":{"line":29,"column":16}}},"fnMap":{"0":{"name":"loadLocaleMessages","decl":{"start":{"line":10,"column":9},"end":{"line":10,"column":27}},"loc":{"start":{"line":10,"column":30},"end":{"line":25,"column":1}},"line":10},"1":{"name":"(anonymous_1)","decl":{"start":{"line":17,"column":25},"end":{"line":17,"column":26}},"loc":{"start":{"line":17,"column":34},"end":{"line":23,"column":3}},"line":17},"2":{"name":"fetchBrowserLang","decl":{"start":{"line":27,"column":9},"end":{"line":27,"column":25}},"loc":{"start":{"line":27,"column":28},"end":{"line":30,"column":1}},"line":27}},"branchMap":{"0":{"loc":{"start":{"line":19,"column":4},"end":{"line":22,"column":5}},"type":"if","locations":[{"start":{"line":19,"column":4},"end":{"line":22,"column":5}},{"start":{"line":19,"column":4},"end":{"line":22,"column":5}}],"line":19},"1":{"loc":{"start":{"line":19,"column":8},"end":{"line":19,"column":37}},"type":"binary-expr","locations":[{"start":{"line":19,"column":8},"end":{"line":19,"column":15}},{"start":{"line":19,"column":19},"end":{"line":19,"column":37}}],"line":19},"2":{"loc":{"start":{"line":33,"column":10},"end":{"line":33,"column":71}},"type":"binary-expr","locations":[{"start":{"line":33,"column":10},"end":{"line":33,"column":28}},{"start":{"line":33,"column":32},"end":{"line":33,"column":63}},{"start":{"line":33,"column":67},"end":{"line":33,"column":71}}],"line":33},"3":{"loc":{"start":{"line":34,"column":18},"end":{"line":34,"column":66}},"type":"binary-expr","locations":[{"start":{"line":34,"column":18},"end":{"line":34,"column":58}},{"start":{"line":34,"column":62},"end":{"line":34,"column":66}}],"line":34}},"s":{"0":0,"1":0,"2":0,"3":0,"4":0,"5":0,"6":0,"7":0,"8":0,"9":0},"f":{"0":0,"1":0,"2":0},"b":{"0":[0,0],"1":[0,0],"2":[0,0,0],"3":[0,0]},"hash":"9fe7ebdba0e558315c94f918861a116d8ec6c327"}
,"C:\\1.drive\\training\\toshiba\\vue\\day-9\\src\\router\\index.js": {"path":"C:\\1.drive\\training\\toshiba\\vue\\day-9\\src\\router\\index.js","statementMap":{"0":{"start":{"line":7,"column":15},"end":{"line":85,"column":1}},"1":{"start":{"line":17,"column":6},"end":{"line":17,"column":73}},"2":{"start":{"line":20,"column":6},"end":{"line":20,"column":33}},"3":{"start":{"line":27,"column":10},"end":{"line":29,"column":11}},"4":{"start":{"line":35,"column":10},"end":{"line":37,"column":11}},"5":{"start":{"line":43,"column":10},"end":{"line":45,"column":11}},"6":{"start":{"line":62,"column":21},"end":{"line":62,"column":43}},"7":{"start":{"line":68,"column":21},"end":{"line":68,"column":44}},"8":{"start":{"line":73,"column":21},"end":{"line":73,"column":45}},"9":{"start":{"line":78,"column":21},"end":{"line":78,"column":47}},"10":{"start":{"line":87,"column":15},"end":{"line":90,"column":2}},"11":{"start":{"line":104,"column":0},"end":{"line":115,"column":2}},"12":{"start":{"line":105,"column":2},"end":{"line":105,"column":38}},"13":{"start":{"line":106,"column":19},"end":{"line":106,"column":46}},"14":{"start":{"line":107,"column":2},"end":{"line":113,"column":3}},"15":{"start":{"line":108,"column":4},"end":{"line":108,"column":17}},"16":{"start":{"line":110,"column":4},"end":{"line":112,"column":5}},"17":{"start":{"line":111,"column":6},"end":{"line":111,"column":36}},"18":{"start":{"line":114,"column":2},"end":{"line":114,"column":15}},"19":{"start":{"line":117,"column":0},"end":{"line":119,"column":2}},"20":{"start":{"line":118,"column":2},"end":{"line":118,"column":27}}},"fnMap":{"0":{"name":"(anonymous_0)","decl":{"start":{"line":16,"column":15},"end":{"line":16,"column":16}},"loc":{"start":{"line":17,"column":6},"end":{"line":17,"column":73}},"line":17},"1":{"name":"(anonymous_1)","decl":{"start":{"line":19,"column":14},"end":{"line":19,"column":15}},"loc":{"start":{"line":19,"column":20},"end":{"line":21,"column":5}},"line":19},"2":{"name":"(anonymous_2)","decl":{"start":{"line":26,"column":19},"end":{"line":26,"column":20}},"loc":{"start":{"line":27,"column":10},"end":{"line":29,"column":11}},"line":27},"3":{"name":"(anonymous_3)","decl":{"start":{"line":34,"column":19},"end":{"line":34,"column":20}},"loc":{"start":{"line":35,"column":10},"end":{"line":37,"column":11}},"line":35},"4":{"name":"(anonymous_4)","decl":{"start":{"line":42,"column":19},"end":{"line":42,"column":20}},"loc":{"start":{"line":43,"column":10},"end":{"line":45,"column":11}},"line":43},"5":{"name":"(anonymous_5)","decl":{"start":{"line":62,"column":15},"end":{"line":62,"column":16}},"loc":{"start":{"line":62,"column":21},"end":{"line":62,"column":43}},"line":62},"6":{"name":"(anonymous_6)","decl":{"start":{"line":68,"column":15},"end":{"line":68,"column":16}},"loc":{"start":{"line":68,"column":21},"end":{"line":68,"column":44}},"line":68},"7":{"name":"(anonymous_7)","decl":{"start":{"line":73,"column":15},"end":{"line":73,"column":16}},"loc":{"start":{"line":73,"column":21},"end":{"line":73,"column":45}},"line":73},"8":{"name":"(anonymous_8)","decl":{"start":{"line":78,"column":15},"end":{"line":78,"column":16}},"loc":{"start":{"line":78,"column":21},"end":{"line":78,"column":47}},"line":78},"9":{"name":"(anonymous_9)","decl":{"start":{"line":104,"column":18},"end":{"line":104,"column":19}},"loc":{"start":{"line":104,"column":38},"end":{"line":115,"column":1}},"line":104},"10":{"name":"(anonymous_10)","decl":{"start":{"line":117,"column":17},"end":{"line":117,"column":18}},"loc":{"start":{"line":117,"column":23},"end":{"line":119,"column":1}},"line":117}},"branchMap":{"0":{"loc":{"start":{"line":107,"column":2},"end":{"line":113,"column":3}},"type":"if","locations":[{"start":{"line":107,"column":2},"end":{"line":113,"column":3}},{"start":{"line":107,"column":2},"end":{"line":113,"column":3}}],"line":107},"1":{"loc":{"start":{"line":107,"column":6},"end":{"line":107,"column":38}},"type":"binary-expr","locations":[{"start":{"line":107,"column":6},"end":{"line":107,"column":14}},{"start":{"line":107,"column":18},"end":{"line":107,"column":38}}],"line":107},"2":{"loc":{"start":{"line":110,"column":4},"end":{"line":112,"column":5}},"type":"if","locations":[{"start":{"line":110,"column":4},"end":{"line":112,"column":5}},{"start":{"line":110,"column":4},"end":{"line":112,"column":5}}],"line":110}},"s":{"0":0,"1":0,"2":0,"3":0,"4":0,"5":0,"6":0,"7":0,"8":0,"9":0,"10":0,"11":0,"12":0,"13":0,"14":0,"15":0,"16":0,"17":0,"18":0,"19":0,"20":0},"f":{"0":0,"1":0,"2":0,"3":0,"4":0,"5":0,"6":0,"7":0,"8":0,"9":0,"10":0},"b":{"0":[0,0],"1":[0,0],"2":[0,0]},"hash":"385ade59074c84879fd5220341be8272bf623cd0"}
,"C:\\1.drive\\training\\toshiba\\vue\\day-9\\src\\services\\axiosInstance.js": {"path":"C:\\1.drive\\training\\toshiba\\vue\\day-9\\src\\services\\axiosInstance.js","statementMap":{"0":{"start":{"line":3,"column":13},"end":{"line":9,"column":1}},"1":{"start":{"line":11,"column":12},"end":{"line":11,"column":32}},"2":{"start":{"line":13,"column":0},"end":{"line":23,"column":1}},"3":{"start":{"line":17,"column":4},"end":{"line":17,"column":19}},"4":{"start":{"line":21,"column":4},"end":{"line":21,"column":16}},"5":{"start":{"line":25,"column":0},"end":{"line":35,"column":1}},"6":{"start":{"line":29,"column":4},"end":{"line":29,"column":19}},"7":{"start":{"line":33,"column":4},"end":{"line":33,"column":16}},"8":{"start":{"line":37,"column":20},"end":{"line":43,"column":1}},"9":{"start":{"line":45,"column":19},"end":{"line":45,"column":46}}},"fnMap":{"0":{"name":"(anonymous_0)","decl":{"start":{"line":14,"column":2},"end":{"line":14,"column":3}},"loc":{"start":{"line":14,"column":16},"end":{"line":18,"column":3}},"line":14},"1":{"name":"(anonymous_1)","decl":{"start":{"line":19,"column":2},"end":{"line":19,"column":3}},"loc":{"start":{"line":19,"column":13},"end":{"line":22,"column":3}},"line":19},"2":{"name":"(anonymous_2)","decl":{"start":{"line":26,"column":2},"end":{"line":26,"column":3}},"loc":{"start":{"line":26,"column":16},"end":{"line":30,"column":3}},"line":26},"3":{"name":"(anonymous_3)","decl":{"start":{"line":31,"column":2},"end":{"line":31,"column":3}},"loc":{"start":{"line":31,"column":13},"end":{"line":34,"column":3}},"line":31}},"branchMap":{},"s":{"0":0,"1":0,"2":0,"3":0,"4":0,"5":0,"6":0,"7":0,"8":0,"9":0},"f":{"0":0,"1":0,"2":0,"3":0},"b":{},"hash":"d972b2ef396de1dc4edd74889e5f2ef27dd4b478"}
,"C:\\1.drive\\training\\toshiba\\vue\\day-9\\src\\services\\product.js": {"path":"C:\\1.drive\\training\\toshiba\\vue\\day-9\\src\\services\\product.js","statementMap":{"0":{"start":{"line":6,"column":2},"end":{"line":14,"column":6}},"1":{"start":{"line":9,"column":6},"end":{"line":9,"column":38}},"2":{"start":{"line":10,"column":6},"end":{"line":10,"column":21}},"3":{"start":{"line":13,"column":6},"end":{"line":13,"column":31}},"4":{"start":{"line":18,"column":2},"end":{"line":26,"column":6}},"5":{"start":{"line":21,"column":6},"end":{"line":21,"column":38}},"6":{"start":{"line":22,"column":6},"end":{"line":22,"column":21}},"7":{"start":{"line":25,"column":6},"end":{"line":25,"column":31}},"8":{"start":{"line":30,"column":2},"end":{"line":38,"column":6}},"9":{"start":{"line":33,"column":6},"end":{"line":33,"column":39}},"10":{"start":{"line":34,"column":6},"end":{"line":34,"column":21}},"11":{"start":{"line":37,"column":6},"end":{"line":37,"column":31}},"12":{"start":{"line":42,"column":2},"end":{"line":54,"column":6}},"13":{"start":{"line":49,"column":6},"end":{"line":49,"column":45}},"14":{"start":{"line":50,"column":6},"end":{"line":50,"column":21}},"15":{"start":{"line":53,"column":6},"end":{"line":53,"column":31}},"16":{"start":{"line":58,"column":2},"end":{"line":66,"column":6}},"17":{"start":{"line":61,"column":6},"end":{"line":61,"column":46}},"18":{"start":{"line":62,"column":6},"end":{"line":62,"column":21}},"19":{"start":{"line":65,"column":6},"end":{"line":65,"column":31}}},"fnMap":{"0":{"name":"fetchProducts","decl":{"start":{"line":5,"column":16},"end":{"line":5,"column":29}},"loc":{"start":{"line":5,"column":32},"end":{"line":15,"column":1}},"line":5},"1":{"name":"(anonymous_1)","decl":{"start":{"line":8,"column":10},"end":{"line":8,"column":11}},"loc":{"start":{"line":8,"column":19},"end":{"line":11,"column":5}},"line":8},"2":{"name":"(anonymous_2)","decl":{"start":{"line":12,"column":11},"end":{"line":12,"column":12}},"loc":{"start":{"line":12,"column":20},"end":{"line":14,"column":5}},"line":12},"3":{"name":"fetchProductItem","decl":{"start":{"line":17,"column":16},"end":{"line":17,"column":32}},"loc":{"start":{"line":17,"column":37},"end":{"line":27,"column":1}},"line":17},"4":{"name":"(anonymous_4)","decl":{"start":{"line":20,"column":10},"end":{"line":20,"column":11}},"loc":{"start":{"line":20,"column":19},"end":{"line":23,"column":5}},"line":20},"5":{"name":"(anonymous_5)","decl":{"start":{"line":24,"column":11},"end":{"line":24,"column":12}},"loc":{"start":{"line":24,"column":20},"end":{"line":26,"column":5}},"line":24},"6":{"name":"getCategoryList","decl":{"start":{"line":29,"column":16},"end":{"line":29,"column":31}},"loc":{"start":{"line":29,"column":34},"end":{"line":39,"column":1}},"line":29},"7":{"name":"(anonymous_7)","decl":{"start":{"line":32,"column":10},"end":{"line":32,"column":11}},"loc":{"start":{"line":32,"column":19},"end":{"line":35,"column":5}},"line":32},"8":{"name":"(anonymous_8)","decl":{"start":{"line":36,"column":11},"end":{"line":36,"column":12}},"loc":{"start":{"line":36,"column":20},"end":{"line":38,"column":5}},"line":36},"9":{"name":"getProductInCategory","decl":{"start":{"line":41,"column":16},"end":{"line":41,"column":36}},"loc":{"start":{"line":41,"column":45},"end":{"line":55,"column":1}},"line":41},"10":{"name":"(anonymous_10)","decl":{"start":{"line":48,"column":10},"end":{"line":48,"column":11}},"loc":{"start":{"line":48,"column":19},"end":{"line":51,"column":5}},"line":48},"11":{"name":"(anonymous_11)","decl":{"start":{"line":52,"column":11},"end":{"line":52,"column":12}},"loc":{"start":{"line":52,"column":20},"end":{"line":54,"column":5}},"line":52},"12":{"name":"deleteProduct","decl":{"start":{"line":57,"column":16},"end":{"line":57,"column":29}},"loc":{"start":{"line":57,"column":41},"end":{"line":67,"column":1}},"line":57},"13":{"name":"(anonymous_13)","decl":{"start":{"line":60,"column":10},"end":{"line":60,"column":11}},"loc":{"start":{"line":60,"column":19},"end":{"line":63,"column":5}},"line":60},"14":{"name":"(anonymous_14)","decl":{"start":{"line":64,"column":11},"end":{"line":64,"column":12}},"loc":{"start":{"line":64,"column":20},"end":{"line":66,"column":5}},"line":64}},"branchMap":{},"s":{"0":0,"1":0,"2":0,"3":0,"4":0,"5":0,"6":0,"7":0,"8":0,"9":0,"10":0,"11":0,"12":0,"13":0,"14":0,"15":0,"16":0,"17":0,"18":0,"19":0},"f":{"0":0,"1":0,"2":0,"3":0,"4":0,"5":0,"6":0,"7":0,"8":0,"9":0,"10":0,"11":0,"12":0,"13":0,"14":0},"b":{},"hash":"d8c9ae479b052a8c65c829839077abd6b546b1d0"}
,"C:\\1.drive\\training\\toshiba\\vue\\day-9\\src\\services\\user.js": {"path":"C:\\1.drive\\training\\toshiba\\vue\\day-9\\src\\services\\user.js","statementMap":{"0":{"start":{"line":6,"column":2},"end":{"line":14,"column":6}},"1":{"start":{"line":9,"column":6},"end":{"line":9,"column":30}},"2":{"start":{"line":10,"column":6},"end":{"line":10,"column":21}},"3":{"start":{"line":13,"column":6},"end":{"line":13,"column":31}},"4":{"start":{"line":18,"column":2},"end":{"line":29,"column":4}},"5":{"start":{"line":19,"column":4},"end":{"line":28,"column":8}},"6":{"start":{"line":22,"column":8},"end":{"line":22,"column":39}},"7":{"start":{"line":23,"column":8},"end":{"line":23,"column":32}},"8":{"start":{"line":26,"column":8},"end":{"line":26,"column":33}},"9":{"start":{"line":27,"column":8},"end":{"line":27,"column":26}}},"fnMap":{"0":{"name":"fetchUser","decl":{"start":{"line":5,"column":16},"end":{"line":5,"column":25}},"loc":{"start":{"line":5,"column":28},"end":{"line":15,"column":1}},"line":5},"1":{"name":"(anonymous_1)","decl":{"start":{"line":8,"column":10},"end":{"line":8,"column":11}},"loc":{"start":{"line":8,"column":19},"end":{"line":11,"column":5}},"line":8},"2":{"name":"(anonymous_2)","decl":{"start":{"line":12,"column":11},"end":{"line":12,"column":12}},"loc":{"start":{"line":12,"column":20},"end":{"line":14,"column":5}},"line":12},"3":{"name":"updateUser","decl":{"start":{"line":17,"column":16},"end":{"line":17,"column":26}},"loc":{"start":{"line":17,"column":33},"end":{"line":30,"column":1}},"line":17},"4":{"name":"(anonymous_4)","decl":{"start":{"line":18,"column":21},"end":{"line":18,"column":22}},"loc":{"start":{"line":18,"column":42},"end":{"line":29,"column":3}},"line":18},"5":{"name":"(anonymous_5)","decl":{"start":{"line":21,"column":12},"end":{"line":21,"column":13}},"loc":{"start":{"line":21,"column":21},"end":{"line":24,"column":7}},"line":21},"6":{"name":"(anonymous_6)","decl":{"start":{"line":25,"column":13},"end":{"line":25,"column":14}},"loc":{"start":{"line":25,"column":22},"end":{"line":28,"column":7}},"line":25}},"branchMap":{},"s":{"0":0,"1":0,"2":0,"3":0,"4":0,"5":0,"6":0,"7":0,"8":0,"9":0},"f":{"0":0,"1":0,"2":0,"3":0,"4":0,"5":0,"6":0},"b":{},"hash":"033a2203079515dd27dc51c799e79ba5d4f486ad"}
,"C:\\1.drive\\training\\toshiba\\vue\\day-9\\src\\shared\\toastMsg.js": {"path":"C:\\1.drive\\training\\toshiba\\vue\\day-9\\src\\shared\\toastMsg.js","statementMap":{"0":{"start":{"line":5,"column":16},"end":{"line":5,"column":26}},"1":{"start":{"line":6,"column":16},"end":{"line":6,"column":25}},"2":{"start":{"line":7,"column":15},"end":{"line":7,"column":52}},"3":{"start":{"line":7,"column":30},"end":{"line":7,"column":51}},"4":{"start":{"line":8,"column":21},"end":{"line":8,"column":64}},"5":{"start":{"line":8,"column":36},"end":{"line":8,"column":63}},"6":{"start":{"line":9,"column":26},"end":{"line":15,"column":4}},"7":{"start":{"line":10,"column":4},"end":{"line":14,"column":5}},"8":{"start":{"line":11,"column":6},"end":{"line":11,"column":74}},"9":{"start":{"line":13,"column":6},"end":{"line":13,"column":29}},"10":{"start":{"line":16,"column":2},"end":{"line":20,"column":3}}},"fnMap":{"0":{"name":"useToast","decl":{"start":{"line":4,"column":16},"end":{"line":4,"column":24}},"loc":{"start":{"line":4,"column":27},"end":{"line":21,"column":1}},"line":4},"1":{"name":"(anonymous_1)","decl":{"start":{"line":7,"column":24},"end":{"line":7,"column":25}},"loc":{"start":{"line":7,"column":30},"end":{"line":7,"column":51}},"line":7},"2":{"name":"(anonymous_2)","decl":{"start":{"line":8,"column":30},"end":{"line":8,"column":31}},"loc":{"start":{"line":8,"column":36},"end":{"line":8,"column":63}},"line":8},"3":{"name":"(anonymous_3)","decl":{"start":{"line":9,"column":35},"end":{"line":9,"column":36}},"loc":{"start":{"line":9,"column":41},"end":{"line":15,"column":3}},"line":9}},"branchMap":{"0":{"loc":{"start":{"line":10,"column":4},"end":{"line":14,"column":5}},"type":"if","locations":[{"start":{"line":10,"column":4},"end":{"line":14,"column":5}},{"start":{"line":10,"column":4},"end":{"line":14,"column":5}}],"line":10}},"s":{"0":0,"1":0,"2":0,"3":0,"4":0,"5":0,"6":0,"7":0,"8":0,"9":0,"10":0},"f":{"0":0,"1":0,"2":0,"3":0},"b":{"0":[0,0]},"hash":"8945d8487bbcf5cbd8875fd8f47c45af3755939e"}
,"C:\\1.drive\\training\\toshiba\\vue\\day-9\\src\\shared\\toastMsgTemp.js": {"path":"C:\\1.drive\\training\\toshiba\\vue\\day-9\\src\\shared\\toastMsgTemp.js","statementMap":{"0":{"start":{"line":4,"column":26},"end":{"line":4,"column":54}},"1":{"start":{"line":4,"column":41},"end":{"line":4,"column":53}},"2":{"start":{"line":5,"column":2},"end":{"line":7,"column":3}}},"fnMap":{"0":{"name":"useToastTemp","decl":{"start":{"line":3,"column":16},"end":{"line":3,"column":28}},"loc":{"start":{"line":3,"column":31},"end":{"line":8,"column":1}},"line":3},"1":{"name":"(anonymous_1)","decl":{"start":{"line":4,"column":35},"end":{"line":4,"column":36}},"loc":{"start":{"line":4,"column":41},"end":{"line":4,"column":53}},"line":4}},"branchMap":{},"s":{"0":0,"1":0,"2":0},"f":{"0":0,"1":0},"b":{},"hash":"3b7771fe4802ccbce0e7cf430777baec5915ba5f"}
,"C:\\1.drive\\training\\toshiba\\vue\\day-9\\src\\store\\index.js": {"path":"C:\\1.drive\\training\\toshiba\\vue\\day-9\\src\\store\\index.js","statementMap":{"0":{"start":{"line":8,"column":25},"end":{"line":11,"column":2}},"1":{"start":{"line":13,"column":27},"end":{"line":16,"column":2}}},"fnMap":{},"branchMap":{},"s":{"0":0,"1":0},"f":{},"b":{},"hash":"474064479e2e0cd314c92bd013f39bc6f15c5a6e"}
,"C:\\1.drive\\training\\toshiba\\vue\\day-9\\src\\store\\modules\\cart.js": {"path":"C:\\1.drive\\training\\toshiba\\vue\\day-9\\src\\store\\modules\\cart.js","statementMap":{"0":{"start":{"line":9,"column":18},"end":{"line":9,"column":23}},"1":{"start":{"line":10,"column":6},"end":{"line":15,"column":8}},"2":{"start":{"line":11,"column":8},"end":{"line":14,"column":9}},"3":{"start":{"line":12,"column":10},"end":{"line":12,"column":22}},"4":{"start":{"line":13,"column":10},"end":{"line":13,"column":43}},"5":{"start":{"line":16,"column":6},"end":{"line":18,"column":7}},"6":{"start":{"line":17,"column":8},"end":{"line":17,"column":56}},"7":{"start":{"line":21,"column":21},"end":{"line":21,"column":25}},"8":{"start":{"line":22,"column":6},"end":{"line":27,"column":8}},"9":{"start":{"line":23,"column":8},"end":{"line":26,"column":9}},"10":{"start":{"line":24,"column":10},"end":{"line":24,"column":25}},"11":{"start":{"line":25,"column":10},"end":{"line":25,"column":34}},"12":{"start":{"line":28,"column":6},"end":{"line":32,"column":7}},"13":{"start":{"line":29,"column":8},"end":{"line":31,"column":10}},"14":{"start":{"line":30,"column":10},"end":{"line":30,"column":39}},"15":{"start":{"line":35,"column":6},"end":{"line":35,"column":25}},"16":{"start":{"line":40,"column":6},"end":{"line":40,"column":46}},"17":{"start":{"line":43,"column":6},"end":{"line":43,"column":49}},"18":{"start":{"line":46,"column":6},"end":{"line":46,"column":26}},"19":{"start":{"line":49,"column":6},"end":{"line":49,"column":40}}},"fnMap":{"0":{"name":"(anonymous_0)","decl":{"start":{"line":8,"column":4},"end":{"line":8,"column":5}},"loc":{"start":{"line":8,"column":34},"end":{"line":19,"column":5}},"line":8},"1":{"name":"(anonymous_1)","decl":{"start":{"line":10,"column":26},"end":{"line":10,"column":27}},"loc":{"start":{"line":10,"column":36},"end":{"line":15,"column":7}},"line":10},"2":{"name":"(anonymous_2)","decl":{"start":{"line":20,"column":4},"end":{"line":20,"column":5}},"loc":{"start":{"line":20,"column":37},"end":{"line":33,"column":5}},"line":20},"3":{"name":"(anonymous_3)","decl":{"start":{"line":22,"column":26},"end":{"line":22,"column":27}},"loc":{"start":{"line":22,"column":36},"end":{"line":27,"column":7}},"line":22},"4":{"name":"(anonymous_4)","decl":{"start":{"line":29,"column":47},"end":{"line":29,"column":48}},"loc":{"start":{"line":29,"column":57},"end":{"line":31,"column":9}},"line":29},"5":{"name":"(anonymous_5)","decl":{"start":{"line":34,"column":4},"end":{"line":34,"column":5}},"loc":{"start":{"line":34,"column":22},"end":{"line":36,"column":5}},"line":34},"6":{"name":"(anonymous_6)","decl":{"start":{"line":39,"column":4},"end":{"line":39,"column":5}},"loc":{"start":{"line":39,"column":34},"end":{"line":41,"column":5}},"line":39},"7":{"name":"(anonymous_7)","decl":{"start":{"line":42,"column":4},"end":{"line":42,"column":5}},"loc":{"start":{"line":42,"column":37},"end":{"line":44,"column":5}},"line":42},"8":{"name":"(anonymous_8)","decl":{"start":{"line":45,"column":4},"end":{"line":45,"column":5}},"loc":{"start":{"line":45,"column":26},"end":{"line":47,"column":5}},"line":45},"9":{"name":"(anonymous_9)","decl":{"start":{"line":48,"column":4},"end":{"line":48,"column":5}},"loc":{"start":{"line":48,"column":13},"end":{"line":50,"column":5}},"line":48}},"branchMap":{"0":{"loc":{"start":{"line":11,"column":8},"end":{"line":14,"column":9}},"type":"if","locations":[{"start":{"line":11,"column":8},"end":{"line":14,"column":9}},{"start":{"line":11,"column":8},"end":{"line":14,"column":9}}],"line":11},"1":{"loc":{"start":{"line":16,"column":6},"end":{"line":18,"column":7}},"type":"if","locations":[{"start":{"line":16,"column":6},"end":{"line":18,"column":7}},{"start":{"line":16,"column":6},"end":{"line":18,"column":7}}],"line":16},"2":{"loc":{"start":{"line":23,"column":8},"end":{"line":26,"column":9}},"type":"if","locations":[{"start":{"line":23,"column":8},"end":{"line":26,"column":9}},{"start":{"line":23,"column":8},"end":{"line":26,"column":9}}],"line":23},"3":{"loc":{"start":{"line":28,"column":6},"end":{"line":32,"column":7}},"type":"if","locations":[{"start":{"line":28,"column":6},"end":{"line":32,"column":7}},{"start":{"line":28,"column":6},"end":{"line":32,"column":7}}],"line":28}},"s":{"0":0,"1":0,"2":0,"3":0,"4":0,"5":0,"6":0,"7":0,"8":0,"9":0,"10":0,"11":0,"12":0,"13":0,"14":0,"15":0,"16":0,"17":0,"18":0,"19":0},"f":{"0":0,"1":0,"2":0,"3":0,"4":0,"5":0,"6":0,"7":0,"8":0,"9":0},"b":{"0":[0,0],"1":[0,0],"2":[0,0],"3":[0,0]},"hash":"2ee76c3701b7f9a74e5e6d06be8954893bc7f377"}
,"C:\\1.drive\\training\\toshiba\\vue\\day-9\\src\\store\\modules\\lang.js": {"path":"C:\\1.drive\\training\\toshiba\\vue\\day-9\\src\\store\\modules\\lang.js","statementMap":{"0":{"start":{"line":8,"column":6},"end":{"line":8,"column":36}},"1":{"start":{"line":13,"column":6},"end":{"line":13,"column":35}}},"fnMap":{"0":{"name":"(anonymous_0)","decl":{"start":{"line":7,"column":4},"end":{"line":7,"column":5}},"loc":{"start":{"line":7,"column":31},"end":{"line":9,"column":5}},"line":7},"1":{"name":"(anonymous_1)","decl":{"start":{"line":12,"column":4},"end":{"line":12,"column":5}},"loc":{"start":{"line":12,"column":35},"end":{"line":14,"column":5}},"line":12}},"branchMap":{},"s":{"0":0,"1":0},"f":{"0":0,"1":0},"b":{},"hash":"dbd9bd28dcaa657c7c3a43fd5c8f89486e08ab23"}
,"C:\\1.drive\\training\\toshiba\\vue\\day-9\\src\\store\\modules\\product.js": {"path":"C:\\1.drive\\training\\toshiba\\vue\\day-9\\src\\store\\modules\\product.js","statementMap":{"0":{"start":{"line":11,"column":6},"end":{"line":11,"column":44}},"1":{"start":{"line":16,"column":6},"end":{"line":16,"column":33}},"2":{"start":{"line":17,"column":6},"end":{"line":17,"column":34}},"3":{"start":{"line":22,"column":6},"end":{"line":24,"column":8}},"4":{"start":{"line":23,"column":8},"end":{"line":23,"column":39}},"5":{"start":{"line":27,"column":6},"end":{"line":27,"column":40}}},"fnMap":{"0":{"name":"(anonymous_0)","decl":{"start":{"line":10,"column":4},"end":{"line":10,"column":5}},"loc":{"start":{"line":10,"column":27},"end":{"line":12,"column":5}},"line":10},"1":{"name":"(anonymous_1)","decl":{"start":{"line":15,"column":4},"end":{"line":15,"column":5}},"loc":{"start":{"line":15,"column":37},"end":{"line":18,"column":5}},"line":15},"2":{"name":"(anonymous_2)","decl":{"start":{"line":21,"column":4},"end":{"line":21,"column":5}},"loc":{"start":{"line":21,"column":31},"end":{"line":25,"column":5}},"line":21},"3":{"name":"(anonymous_3)","decl":{"start":{"line":22,"column":27},"end":{"line":22,"column":28}},"loc":{"start":{"line":22,"column":36},"end":{"line":24,"column":7}},"line":22},"4":{"name":"(anonymous_4)","decl":{"start":{"line":26,"column":4},"end":{"line":26,"column":5}},"loc":{"start":{"line":26,"column":13},"end":{"line":28,"column":5}},"line":26}},"branchMap":{},"s":{"0":0,"1":0,"2":0,"3":0,"4":0,"5":0},"f":{"0":0,"1":0,"2":0,"3":0,"4":0},"b":{},"hash":"7543bcfa41dd2bc2b672606d5f83f217106a9b48"}
,"C:\\1.drive\\training\\toshiba\\vue\\day-9\\src\\store\\modules\\user.js": {"path":"C:\\1.drive\\training\\toshiba\\vue\\day-9\\src\\store\\modules\\user.js","statementMap":{"0":{"start":{"line":10,"column":6},"end":{"line":10,"column":26}},"1":{"start":{"line":11,"column":6},"end":{"line":11,"column":29}},"2":{"start":{"line":14,"column":6},"end":{"line":14,"column":21}},"3":{"start":{"line":15,"column":6},"end":{"line":15,"column":30}},"4":{"start":{"line":20,"column":6},"end":{"line":27,"column":8}},"5":{"start":{"line":21,"column":8},"end":{"line":26,"column":9}},"6":{"start":{"line":22,"column":10},"end":{"line":22,"column":37}},"7":{"start":{"line":23,"column":10},"end":{"line":23,"column":30}},"8":{"start":{"line":25,"column":10},"end":{"line":25,"column":30}},"9":{"start":{"line":30,"column":6},"end":{"line":30,"column":57}},"10":{"start":{"line":31,"column":6},"end":{"line":35,"column":8}},"11":{"start":{"line":32,"column":8},"end":{"line":32,"column":28}},"12":{"start":{"line":33,"column":8},"end":{"line":33,"column":56}},"13":{"start":{"line":34,"column":8},"end":{"line":34,"column":21}}},"fnMap":{"0":{"name":"(anonymous_0)","decl":{"start":{"line":9,"column":4},"end":{"line":9,"column":5}},"loc":{"start":{"line":9,"column":29},"end":{"line":12,"column":5}},"line":9},"1":{"name":"(anonymous_1)","decl":{"start":{"line":13,"column":4},"end":{"line":13,"column":5}},"loc":{"start":{"line":13,"column":22},"end":{"line":16,"column":5}},"line":13},"2":{"name":"(anonymous_2)","decl":{"start":{"line":19,"column":4},"end":{"line":19,"column":5}},"loc":{"start":{"line":19,"column":35},"end":{"line":28,"column":5}},"line":19},"3":{"name":"(anonymous_3)","decl":{"start":{"line":20,"column":25},"end":{"line":20,"column":26}},"loc":{"start":{"line":20,"column":46},"end":{"line":27,"column":7}},"line":20},"4":{"name":"(anonymous_4)","decl":{"start":{"line":29,"column":4},"end":{"line":29,"column":5}},"loc":{"start":{"line":29,"column":77},"end":{"line":36,"column":5}},"line":29},"5":{"name":"(anonymous_5)","decl":{"start":{"line":31,"column":25},"end":{"line":31,"column":26}},"loc":{"start":{"line":31,"column":38},"end":{"line":35,"column":7}},"line":31}},"branchMap":{"0":{"loc":{"start":{"line":21,"column":8},"end":{"line":26,"column":9}},"type":"if","locations":[{"start":{"line":21,"column":8},"end":{"line":26,"column":9}},{"start":{"line":21,"column":8},"end":{"line":26,"column":9}}],"line":21}},"s":{"0":0,"1":0,"2":0,"3":0,"4":0,"5":0,"6":0,"7":0,"8":0,"9":0,"10":0,"11":0,"12":0,"13":0},"f":{"0":0,"1":0,"2":0,"3":0,"4":0,"5":0},"b":{"0":[0,0]},"hash":"6fc46d20acf5024d66cd13502801a0b59c553b9d"}
,"C:\\1.drive\\training\\toshiba\\vue\\day-9\\src\\utils\\helper.js": {"path":"C:\\1.drive\\training\\toshiba\\vue\\day-9\\src\\utils\\helper.js","statementMap":{"0":{"start":{"line":2,"column":2},"end":{"line":2,"column":26}},"1":{"start":{"line":6,"column":2},"end":{"line":6,"column":14}}},"fnMap":{"0":{"name":"upperCase","decl":{"start":{"line":1,"column":16},"end":{"line":1,"column":25}},"loc":{"start":{"line":1,"column":31},"end":{"line":3,"column":1}},"line":1},"1":{"name":"add","decl":{"start":{"line":5,"column":16},"end":{"line":5,"column":19}},"loc":{"start":{"line":5,"column":26},"end":{"line":7,"column":1}},"line":5}},"branchMap":{},"s":{"0":3,"1":0},"f":{"0":3,"1":0},"b":{},"_coverageSchema":"43e27e138ebf9cfc5966b082cf9a028302ed4184","hash":"b6af17aee4ca07044d87e407a95bf66da40c5214"}
,"C:\\1.drive\\training\\toshiba\\vue\\day-9\\src\\utils\\products.js": {"path":"C:\\1.drive\\training\\toshiba\\vue\\day-9\\src\\utils\\products.js","statementMap":{"0":{"start":{"line":1,"column":27},"end":{"line":188,"column":1}}},"fnMap":{},"branchMap":{},"s":{"0":0},"f":{},"b":{},"hash":"c5b327ba1ea67d2b3f8fe0ba882231f85403ef98"}
,"C:\\1.drive\\training\\toshiba\\vue\\day-9\\src\\views\\Cart.vue": {"path":"C:\\1.drive\\training\\toshiba\\vue\\day-9\\src\\views\\Cart.vue","statementMap":{"0":{"start":{"line":18,"column":0},"end":{"line":18,"column":null}},"1":{"start":{"line":19,"column":15},"end":{"line":19,"column":null}},"2":{"start":{"line":23,"column":6},"end":{"line":23,"column":11}}},"fnMap":{"0":{"name":"(anonymous_0)","decl":{"start":{"line":22,"column":4},"end":{"line":22,"column":14}},"loc":{"start":{"line":22,"column":24},"end":{"line":24,"column":null}}}},"branchMap":{},"s":{"0":0,"1":0,"2":0},"f":{"0":0},"b":{}}
,"C:\\1.drive\\training\\toshiba\\vue\\day-9\\src\\views\\Category.vue": {"path":"C:\\1.drive\\training\\toshiba\\vue\\day-9\\src\\views\\Category.vue","statementMap":{"0":{"start":{"line":16,"column":0},"end":{"line":16,"column":null}},"1":{"start":{"line":17,"column":0},"end":{"line":17,"column":null}},"2":{"start":{"line":18,"column":0},"end":{"line":18,"column":null}},"3":{"start":{"line":19,"column":15},"end":{"line":19,"column":null}},"4":{"start":{"line":22,"column":32},"end":{"line":22,"column":null}},"5":{"start":{"line":23,"column":4},"end":{"line":23,"column":11}},"6":{"start":{"line":31,"column":4},"end":{"line":31,"column":11}},"7":{"start":{"line":39,"column":8},"end":{"line":39,"column":15}},"8":{"start":{"line":40,"column":8},"end":{"line":40,"column":13}},"9":{"start":{"line":48,"column":6},"end":{"line":48,"column":11}},"10":{"start":{"line":49,"column":6},"end":{"line":49,"column":11}}},"fnMap":{"0":{"name":"(anonymous_0)","decl":{"start":{"line":21,"column":2},"end":{"line":21,"column":7}},"loc":{"start":{"line":21,"column":10},"end":{"line":26,"column":null}}},"1":{"name":"(anonymous_1)","decl":{"start":{"line":30,"column":2},"end":{"line":30,"column":6}},"loc":{"start":{"line":30,"column":9},"end":{"line":35,"column":null}}},"2":{"name":"(anonymous_2)","decl":{"start":{"line":38,"column":6},"end":{"line":38,"column":13}},"loc":{"start":{"line":38,"column":16},"end":{"line":41,"column":null}}},"3":{"name":"(anonymous_3)","decl":{"start":{"line":47,"column":4},"end":{"line":47,"column":10}},"loc":{"start":{"line":47,"column":24},"end":{"line":52,"column":null}}}},"branchMap":{},"s":{"0":0,"1":0,"2":0,"3":0,"4":0,"5":0,"6":0,"7":0,"8":0,"9":0,"10":0},"f":{"0":0,"1":0,"2":0,"3":0},"b":{}}
,"C:\\1.drive\\training\\toshiba\\vue\\day-9\\src\\views\\Home.vue": {"path":"C:\\1.drive\\training\\toshiba\\vue\\day-9\\src\\views\\Home.vue","statementMap":{"0":{"start":{"line":15,"column":0},"end":{"line":15,"column":null}},"1":{"start":{"line":16,"column":0},"end":{"line":16,"column":null}},"2":{"start":{"line":17,"column":0},"end":{"line":17,"column":null}},"3":{"start":{"line":18,"column":15},"end":{"line":18,"column":null}},"4":{"start":{"line":21,"column":32},"end":{"line":21,"column":null}},"5":{"start":{"line":22,"column":4},"end":{"line":22,"column":11}},"6":{"start":{"line":34,"column":4},"end":{"line":43,"column":null}},"7":{"start":{"line":35,"column":6},"end":{"line":35,"column":11}},"8":{"start":{"line":37,"column":20},"end":{"line":37,"column":24}},"9":{"start":{"line":38,"column":23},"end":{"line":38,"column":27}},"10":{"start":{"line":39,"column":6},"end":{"line":39,"column":13}},"11":{"start":{"line":40,"column":6},"end":{"line":42,"column":null}},"12":{"start":{"line":41,"column":8},"end":{"line":41,"column":13}},"13":{"start":{"line":48,"column":6},"end":{"line":48,"column":11}}},"fnMap":{"0":{"name":"(anonymous_0)","decl":{"start":{"line":20,"column":2},"end":{"line":20,"column":7}},"loc":{"start":{"line":20,"column":10},"end":{"line":25,"column":null}}},"1":{"name":"(anonymous_1)","decl":{"start":{"line":33,"column":2},"end":{"line":33,"column":9}},"loc":{"start":{"line":33,"column":12},"end":{"line":44,"column":null}}},"2":{"name":"(anonymous_2)","decl":{"start":{"line":47,"column":4},"end":{"line":47,"column":15}},"loc":{"start":{"line":47,"column":25},"end":{"line":49,"column":null}}}},"branchMap":{"0":{"loc":{"start":{"line":34,"column":4},"end":{"line":43,"column":null}},"type":"if","locations":[{"start":{"line":34,"column":4},"end":{"line":43,"column":null}},{"start":{"line":34,"column":4},"end":{"line":43,"column":null}}]},"1":{"loc":{"start":{"line":40,"column":6},"end":{"line":42,"column":null}},"type":"if","locations":[{"start":{"line":40,"column":6},"end":{"line":42,"column":null}},{"start":{"line":40,"column":6},"end":{"line":42,"column":null}}]}},"s":{"0":0,"1":0,"2":0,"3":0,"4":0,"5":0,"6":0,"7":0,"8":0,"9":0,"10":0,"11":0,"12":0,"13":0},"f":{"0":0,"1":0,"2":0},"b":{"0":[0,0],"1":[0,0]}}
,"C:\\1.drive\\training\\toshiba\\vue\\day-9\\src\\views\\I18nTest.vue": {"path":"C:\\1.drive\\training\\toshiba\\vue\\day-9\\src\\views\\I18nTest.vue","statementMap":{"0":{"start":{"line":8,"column":15},"end":{"line":8,"column":null}},"1":{"start":{"line":10,"column":4},"end":{"line":10,"column":11}},"2":{"start":{"line":19,"column":6},"end":{"line":23,"column":null}},"3":{"start":{"line":20,"column":8},"end":{"line":20,"column":15}},"4":{"start":{"line":21,"column":13},"end":{"line":23,"column":null}},"5":{"start":{"line":22,"column":8},"end":{"line":22,"column":15}},"6":{"start":{"line":24,"column":6},"end":{"line":24,"column":13}}},"fnMap":{"0":{"name":"(anonymous_0)","decl":{"start":{"line":9,"column":2},"end":{"line":9,"column":6}},"loc":{"start":{"line":9,"column":9},"end":{"line":16,"column":null}}},"1":{"name":"(anonymous_1)","decl":{"start":{"line":18,"column":4},"end":{"line":18,"column":16}},"loc":{"start":{"line":18,"column":19},"end":{"line":25,"column":null}}}},"branchMap":{"0":{"loc":{"start":{"line":19,"column":6},"end":{"line":23,"column":null}},"type":"if","locations":[{"start":{"line":19,"column":6},"end":{"line":23,"column":null}},{"start":{"line":19,"column":6},"end":{"line":23,"column":null}}]},"1":{"loc":{"start":{"line":21,"column":13},"end":{"line":23,"column":null}},"type":"if","locations":[{"start":{"line":21,"column":13},"end":{"line":23,"column":null}},{"start":{"line":21,"column":13},"end":{"line":23,"column":null}}]}},"s":{"0":0,"1":0,"2":0,"3":0,"4":0,"5":0,"6":0},"f":{"0":0,"1":0},"b":{"0":[0,0],"1":[0,0]}}
,"C:\\1.drive\\training\\toshiba\\vue\\day-9\\src\\views\\Login.vue": {"path":"C:\\1.drive\\training\\toshiba\\vue\\day-9\\src\\views\\Login.vue","statementMap":{"0":{"start":{"line":21,"column":0},"end":{"line":21,"column":null}},"1":{"start":{"line":22,"column":0},"end":{"line":22,"column":null}},"2":{"start":{"line":23,"column":0},"end":{"line":23,"column":null}},"3":{"start":{"line":24,"column":0},"end":{"line":24,"column":null}},"4":{"start":{"line":25,"column":15},"end":{"line":25,"column":null}},"5":{"start":{"line":27,"column":19},"end":{"line":27,"column":null}},"6":{"start":{"line":28,"column":18},"end":{"line":28,"column":null}},"7":{"start":{"line":29,"column":18},"end":{"line":29,"column":null}},"8":{"start":{"line":30,"column":17},"end":{"line":30,"column":21}},"9":{"start":{"line":35,"column":6},"end":{"line":35,"column":12}},"10":{"start":{"line":36,"column":6},"end":{"line":36,"column":12}},"11":{"start":{"line":39,"column":6},"end":{"line":39,"column":12}},"12":{"start":{"line":41,"column":4},"end":{"line":41,"column":11}}},"fnMap":{"0":{"name":"(anonymous_0)","decl":{"start":{"line":26,"column":2},"end":{"line":26,"column":7}},"loc":{"start":{"line":26,"column":10},"end":{"line":47,"column":null}}},"1":{"name":"login","decl":{"start":{"line":34,"column":19},"end":{"line":34,"column":27}},"loc":{"start":{"line":34,"column":27},"end":{"line":37,"column":null}}},"2":{"name":"signup","decl":{"start":{"line":38,"column":13},"end":{"line":38,"column":22}},"loc":{"start":{"line":38,"column":22},"end":{"line":40,"column":null}}}},"branchMap":{},"s":{"0":0,"1":0,"2":0,"3":0,"4":0,"5":0,"6":0,"7":0,"8":0,"9":0,"10":0,"11":0,"12":0},"f":{"0":0,"1":0,"2":0},"b":{}}
,"C:\\1.drive\\training\\toshiba\\vue\\day-9\\src\\views\\NotFound.vue": {"path":"C:\\1.drive\\training\\toshiba\\vue\\day-9\\src\\views\\NotFound.vue","statementMap":{"0":{"start":{"line":5,"column":15},"end":{"line":5,"column":null}}},"fnMap":{},"branchMap":{},"s":{"0":0},"f":{},"b":{}}
,"C:\\1.drive\\training\\toshiba\\vue\\day-9\\src\\views\\ProductDetail.vue": {"path":"C:\\1.drive\\training\\toshiba\\vue\\day-9\\src\\views\\ProductDetail.vue","statementMap":{"0":{"start":{"line":35,"column":0},"end":{"line":35,"column":null}},"1":{"start":{"line":36,"column":0},"end":{"line":36,"column":null}},"2":{"start":{"line":37,"column":0},"end":{"line":37,"column":null}},"3":{"start":{"line":38,"column":0},"end":{"line":38,"column":null}},"4":{"start":{"line":39,"column":15},"end":{"line":39,"column":null}},"5":{"start":{"line":46,"column":4},"end":{"line":46,"column":11}},"6":{"start":{"line":59,"column":4},"end":{"line":59,"column":9}},"7":{"start":{"line":60,"column":4},"end":{"line":60,"column":21}},"8":{"start":{"line":61,"column":6},"end":{"line":63,"column":null}},"9":{"start":{"line":62,"column":8},"end":{"line":62,"column":13}},"10":{"start":{"line":64,"column":6},"end":{"line":64,"column":11}},"11":{"start":{"line":69,"column":6},"end":{"line":69,"column":11}},"12":{"start":{"line":70,"column":6},"end":{"line":70,"column":11}},"13":{"start":{"line":73,"column":6},"end":{"line":73,"column":13}}},"fnMap":{"0":{"name":"(anonymous_0)","decl":{"start":{"line":45,"column":2},"end":{"line":45,"column":6}},"loc":{"start":{"line":45,"column":9},"end":{"line":57,"column":null}}},"1":{"name":"(anonymous_1)","decl":{"start":{"line":58,"column":2},"end":{"line":58,"column":9}},"loc":{"start":{"line":58,"column":12},"end":{"line":66,"column":null}}},"2":{"name":"(anonymous_2)","decl":{"start":{"line":60,"column":43},"end":{"line":60,"column":51}},"loc":{"start":{"line":60,"column":51},"end":{"line":65,"column":null}}},"3":{"name":"(anonymous_3)","decl":{"start":{"line":68,"column":4},"end":{"line":68,"column":13}},"loc":{"start":{"line":68,"column":20},"end":{"line":71,"column":null}}},"4":{"name":"(anonymous_4)","decl":{"start":{"line":72,"column":4},"end":{"line":72,"column":12}},"loc":{"start":{"line":72,"column":22},"end":{"line":77,"column":null}}}},"branchMap":{"0":{"loc":{"start":{"line":61,"column":6},"end":{"line":63,"column":null}},"type":"if","locations":[{"start":{"line":61,"column":6},"end":{"line":63,"column":null}},{"start":{"line":61,"column":6},"end":{"line":63,"column":null}}]}},"s":{"0":0,"1":0,"2":0,"3":0,"4":0,"5":0,"6":0,"7":0,"8":0,"9":0,"10":0,"11":0,"12":0,"13":0},"f":{"0":0,"1":0,"2":0,"3":0,"4":0},"b":{"0":[0,0]}}
,"C:\\1.drive\\training\\toshiba\\vue\\day-9\\src\\views\\Profile.vue": {"path":"C:\\1.drive\\training\\toshiba\\vue\\day-9\\src\\views\\Profile.vue","statementMap":{"0":{"start":{"line":21,"column":15},"end":{"line":21,"column":null}}},"fnMap":{},"branchMap":{},"s":{"0":0},"f":{},"b":{}}
,"C:\\1.drive\\training\\toshiba\\vue\\day-9\\src\\views\\SignUp.vue": {"path":"C:\\1.drive\\training\\toshiba\\vue\\day-9\\src\\views\\SignUp.vue","statementMap":{"0":{"start":{"line":71,"column":15},"end":{"line":71,"column":null}},"1":{"start":{"line":73,"column":4},"end":{"line":73,"column":11}},"2":{"start":{"line":88,"column":4},"end":{"line":88,"column":11}},"3":{"start":{"line":91,"column":4},"end":{"line":97,"column":null}},"4":{"start":{"line":92,"column":6},"end":{"line":92,"column":13}},"5":{"start":{"line":93,"column":6},"end":{"line":93,"column":13}},"6":{"start":{"line":95,"column":6},"end":{"line":95,"column":13}},"7":{"start":{"line":96,"column":6},"end":{"line":96,"column":13}},"8":{"start":{"line":101,"column":6},"end":{"line":101,"column":13}},"9":{"start":{"line":104,"column":6},"end":{"line":104,"column":13}}},"fnMap":{"0":{"name":"(anonymous_0)","decl":{"start":{"line":72,"column":2},"end":{"line":72,"column":6}},"loc":{"start":{"line":72,"column":9},"end":{"line":86,"column":null}}},"1":{"name":"(anonymous_1)","decl":{"start":{"line":87,"column":2},"end":{"line":87,"column":18}},"loc":{"start":{"line":87,"column":21},"end":{"line":89,"column":null}}},"2":{"name":"(anonymous_2)","decl":{"start":{"line":90,"column":2},"end":{"line":90,"column":18}},"loc":{"start":{"line":90,"column":21},"end":{"line":98,"column":null}}},"3":{"name":"(anonymous_3)","decl":{"start":{"line":100,"column":4},"end":{"line":100,"column":11}},"loc":{"start":{"line":100,"column":14},"end":{"line":102,"column":null}}},"4":{"name":"(anonymous_4)","decl":{"start":{"line":103,"column":4},"end":{"line":103,"column":19}},"loc":{"start":{"line":103,"column":27},"end":{"line":105,"column":null}}}},"branchMap":{"0":{"loc":{"start":{"line":91,"column":4},"end":{"line":97,"column":null}},"type":"if","locations":[{"start":{"line":91,"column":4},"end":{"line":97,"column":null}},{"start":{"line":91,"column":4},"end":{"line":97,"column":null}}]}},"s":{"0":0,"1":0,"2":0,"3":0,"4":0,"5":0,"6":0,"7":0,"8":0,"9":0},"f":{"0":0,"1":0,"2":0,"3":0,"4":0},"b":{"0":[0,0]}}
,"C:\\1.drive\\training\\toshiba\\vue\\day-9\\src\\views\\profile\\Personal.vue": {"path":"C:\\1.drive\\training\\toshiba\\vue\\day-9\\src\\views\\profile\\Personal.vue","statementMap":{"0":{"start":{"line":36,"column":0},"end":{"line":36,"column":null}},"1":{"start":{"line":37,"column":0},"end":{"line":37,"column":null}},"2":{"start":{"line":38,"column":0},"end":{"line":38,"column":null}},"3":{"start":{"line":39,"column":15},"end":{"line":39,"column":null}},"4":{"start":{"line":44,"column":4},"end":{"line":44,"column":11}},"5":{"start":{"line":51,"column":4},"end":{"line":51,"column":16}},"6":{"start":{"line":52,"column":6},"end":{"line":52,"column":11}},"7":{"start":{"line":53,"column":6},"end":{"line":53,"column":11}},"8":{"start":{"line":58,"column":6},"end":{"line":58,"column":17}},"9":{"start":{"line":60,"column":10},"end":{"line":60,"column":17}},"10":{"start":{"line":61,"column":10},"end":{"line":61,"column":15}},"11":{"start":{"line":64,"column":10},"end":{"line":64,"column":17}},"12":{"start":{"line":65,"column":10},"end":{"line":65,"column":15}}},"fnMap":{"0":{"name":"(anonymous_0)","decl":{"start":{"line":43,"column":2},"end":{"line":43,"column":6}},"loc":{"start":{"line":43,"column":9},"end":{"line":49,"column":null}}},"1":{"name":"(anonymous_1)","decl":{"start":{"line":50,"column":2},"end":{"line":50,"column":9}},"loc":{"start":{"line":50,"column":12},"end":{"line":55,"column":null}}},"2":{"name":"(anonymous_2)","decl":{"start":{"line":51,"column":22},"end":{"line":51,"column":30}},"loc":{"start":{"line":51,"column":30},"end":{"line":54,"column":null}}},"3":{"name":"(anonymous_3)","decl":{"start":{"line":57,"column":4},"end":{"line":57,"column":10}},"loc":{"start":{"line":57,"column":13},"end":{"line":67,"column":null}}},"4":{"name":"(anonymous_4)","decl":{"start":{"line":59,"column":15},"end":{"line":59,"column":23}},"loc":{"start":{"line":59,"column":23},"end":{"line":62,"column":null}}},"5":{"name":"(anonymous_5)","decl":{"start":{"line":63,"column":16},"end":{"line":63,"column":24}},"loc":{"start":{"line":63,"column":24},"end":{"line":66,"column":null}}}},"branchMap":{},"s":{"0":0,"1":0,"2":0,"3":0,"4":0,"5":0,"6":0,"7":0,"8":0,"9":0,"10":0,"11":0,"12":0},"f":{"0":0,"1":0,"2":0,"3":0,"4":0,"5":0},"b":{}}
,"C:\\1.drive\\training\\toshiba\\vue\\day-9\\src\\views\\profile\\Privacy.vue": {"path":"C:\\1.drive\\training\\toshiba\\vue\\day-9\\src\\views\\profile\\Privacy.vue","statementMap":{"0":{"start":{"line":3,"column":15},"end":{"line":3,"column":null}}},"fnMap":{},"branchMap":{},"s":{"0":0},"f":{},"b":{}}
,"C:\\1.drive\\training\\toshiba\\vue\\day-9\\src\\views\\profile\\Settings.vue": {"path":"C:\\1.drive\\training\\toshiba\\vue\\day-9\\src\\views\\profile\\Settings.vue","statementMap":{"0":{"start":{"line":3,"column":15},"end":{"line":3,"column":null}}},"fnMap":{},"branchMap":{},"s":{"0":0},"f":{},"b":{}}
}
