TN:
SF:C:\1.drive\training\toshiba\vue\day-9\src\components\Count.vue
FN:11,(anonymous_0)
FN:17,(anonymous_1)
FN:26,(anonymous_2)
FN:32,(anonymous_3)
FN:39,(anonymous_4)
FN:42,(anonymous_5)
FNF:6
FNH:0
FNDA:0,(anonymous_0)
FNDA:0,(anonymous_1)
FNDA:0,(anonymous_2)
FNDA:0,(anonymous_3)
FNDA:0,(anonymous_4)
FNDA:0,(anonymous_5)
DA:9,0
DA:12,0
DA:18,0
DA:19,0
DA:21,0
DA:27,0
DA:28,0
DA:29,0
DA:33,0
DA:34,0
DA:40,0
DA:43,0
LF:12
LH:0
BRDA:18,0,0,0
BRDA:18,0,1,0
BRDA:28,1,0,0
BRDA:28,1,1,0
BRDA:33,2,0,0
BRDA:33,2,1,0
BRF:6
BRH:0
end_of_record
TN:
SF:C:\1.drive\training\toshiba\vue\day-9\src\components\Features.vue
FNF:0
FNH:0
DA:3,0
LF:1
LH:0
BRF:0
BRH:0
end_of_record
TN:
SF:C:\1.drive\training\toshiba\vue\day-9\src\components\HelloI18n.vue
FN:11,(anonymous_0)
FNF:1
FNH:0
FNDA:0,(anonymous_0)
DA:6,0
DA:7,0
DA:9,0
DA:12,0
DA:19,0
LF:5
LH:0
BRF:0
BRH:0
end_of_record
TN:
SF:C:\1.drive\training\toshiba\vue\day-9\src\components\LocaleSwitcher.vue
FN:10,(anonymous_0)
FN:30,(anonymous_1)
FN:33,(anonymous_2)
FN:39,(anonymous_3)
FNF:4
FNH:0
FNDA:0,(anonymous_0)
FNDA:0,(anonymous_1)
FNDA:0,(anonymous_2)
FNDA:0,(anonymous_3)
DA:9,0
DA:11,0
DA:31,0
DA:34,0
DA:35,0
DA:40,0
LF:6
LH:0
BRF:0
BRH:0
end_of_record
TN:
SF:C:\1.drive\training\toshiba\vue\day-9\src\components\Modal.vue
FN:30,(anonymous_0)
FN:36,(anonymous_1)
FNF:2
FNH:0
FNDA:0,(anonymous_0)
FNDA:0,(anonymous_1)
DA:18,0
DA:31,0
DA:37,0
LF:3
LH:0
BRF:0
BRH:0
end_of_record
TN:
SF:C:\1.drive\training\toshiba\vue\day-9\src\components\NameForm.vue
FN:7,(anonymous_0)
FNF:1
FNH:0
FNDA:0,(anonymous_0)
DA:6,0
DA:8,0
LF:2
LH:0
BRF:0
BRH:0
end_of_record
TN:
SF:C:\1.drive\training\toshiba\vue\day-9\src\components\Navbar.vue
FN:55,(anonymous_0)
FN:62,(anonymous_1)
FN:64,(anonymous_2)
FN:69,categorySelected
FN:80,(anonymous_4)
FN:83,(anonymous_5)
FN:92,navigateToProfile
FN:95,login
FN:98,logout
FN:103,(anonymous_9)
FNF:10
FNH:0
FNDA:0,(anonymous_0)
FNDA:0,(anonymous_1)
FNDA:0,(anonymous_2)
FNDA:0,categorySelected
FNDA:0,(anonymous_4)
FNDA:0,(anonymous_5)
FNDA:0,navigateToProfile
FNDA:0,login
FNDA:0,logout
FNDA:0,(anonymous_9)
DA:35,0
DA:36,0
DA:37,0
DA:38,0
DA:39,0
DA:40,0
DA:56,0
DA:57,0
DA:60,0
DA:61,0
DA:62,0
DA:63,0
DA:64,0
DA:65,0
DA:67,0
DA:70,0
DA:71,0
DA:79,0
DA:80,0
DA:81,0
DA:83,0
DA:84,0
DA:93,0
DA:96,0
DA:99,0
DA:103,0
DA:104,0
DA:107,0
LF:28
LH:0
BRF:0
BRH:0
end_of_record
TN:
SF:C:\1.drive\training\toshiba\vue\day-9\src\components\Product.vue
FN:24,(anonymous_0)
FN:27,(anonymous_1)
FNF:2
FNH:2
FNDA:1,(anonymous_0)
FNDA:1,(anonymous_1)
DA:11,1
DA:12,1
DA:13,1
DA:25,1
DA:28,1
LF:5
LH:5
BRF:0
BRH:0
end_of_record
TN:
SF:C:\1.drive\training\toshiba\vue\day-9\src\components\Review.vue
FNF:0
FNH:0
DA:3,0
LF:1
LH:0
BRF:0
BRH:0
end_of_record
TN:
SF:C:\1.drive\training\toshiba\vue\day-9\src\components\Specs.vue
FNF:0
FNH:0
DA:3,0
LF:1
LH:0
BRF:0
BRH:0
end_of_record
TN:
SF:C:\1.drive\training\toshiba\vue\day-9\src\formats\dateTimeFormats.js
FNF:0
FNH:0
DA:1,0
LF:1
LH:0
BRF:0
BRH:0
end_of_record
TN:
SF:C:\1.drive\training\toshiba\vue\day-9\src\formats\numberFormats.js
FNF:0
FNH:0
DA:1,0
LF:1
LH:0
BRF:0
BRH:0
end_of_record
TN:
SF:C:\1.drive\training\toshiba\vue\day-9\src\mixins\toast.js
FN:5,(anonymous_0)
FNF:1
FNH:0
FNDA:0,(anonymous_0)
DA:6,0
DA:7,0
DA:9,0
LF:3
LH:0
BRDA:6,0,0,0
BRDA:6,0,1,0
BRF:2
BRH:0
end_of_record
TN:
SF:C:\1.drive\training\toshiba\vue\day-9\src\mixins\toastTemp.js
FN:3,(anonymous_0)
FNF:1
FNH:0
FNDA:0,(anonymous_0)
DA:4,0
LF:1
LH:0
BRF:0
BRH:0
end_of_record
TN:
SF:C:\1.drive\training\toshiba\vue\day-9\src\plugins\i18n.js
FN:10,loadLocaleMessages
FN:17,(anonymous_1)
FN:27,fetchBrowserLang
FNF:3
FNH:0
FNDA:0,loadLocaleMessages
FNDA:0,(anonymous_1)
FNDA:0,fetchBrowserLang
DA:11,0
DA:16,0
DA:17,0
DA:18,0
DA:19,0
DA:20,0
DA:21,0
DA:24,0
DA:28,0
DA:29,0
LF:10
LH:0
BRDA:19,0,0,0
BRDA:19,0,1,0
BRDA:19,1,0,0
BRDA:19,1,1,0
BRDA:33,2,0,0
BRDA:33,2,1,0
BRDA:33,2,2,0
BRDA:34,3,0,0
BRDA:34,3,1,0
BRF:9
BRH:0
end_of_record
TN:
SF:C:\1.drive\training\toshiba\vue\day-9\src\router\index.js
FN:16,(anonymous_0)
FN:19,(anonymous_1)
FN:26,(anonymous_2)
FN:34,(anonymous_3)
FN:42,(anonymous_4)
FN:62,(anonymous_5)
FN:68,(anonymous_6)
FN:73,(anonymous_7)
FN:78,(anonymous_8)
FN:104,(anonymous_9)
FN:117,(anonymous_10)
FNF:11
FNH:0
FNDA:0,(anonymous_0)
FNDA:0,(anonymous_1)
FNDA:0,(anonymous_2)
FNDA:0,(anonymous_3)
FNDA:0,(anonymous_4)
FNDA:0,(anonymous_5)
FNDA:0,(anonymous_6)
FNDA:0,(anonymous_7)
FNDA:0,(anonymous_8)
FNDA:0,(anonymous_9)
FNDA:0,(anonymous_10)
DA:7,0
DA:17,0
DA:20,0
DA:27,0
DA:35,0
DA:43,0
DA:62,0
DA:68,0
DA:73,0
DA:78,0
DA:87,0
DA:104,0
DA:105,0
DA:106,0
DA:107,0
DA:108,0
DA:110,0
DA:111,0
DA:114,0
DA:117,0
DA:118,0
LF:21
LH:0
BRDA:107,0,0,0
BRDA:107,0,1,0
BRDA:107,1,0,0
BRDA:107,1,1,0
BRDA:110,2,0,0
BRDA:110,2,1,0
BRF:6
BRH:0
end_of_record
TN:
SF:C:\1.drive\training\toshiba\vue\day-9\src\services\axiosInstance.js
FN:14,(anonymous_0)
FN:19,(anonymous_1)
FN:26,(anonymous_2)
FN:31,(anonymous_3)
FNF:4
FNH:0
FNDA:0,(anonymous_0)
FNDA:0,(anonymous_1)
FNDA:0,(anonymous_2)
FNDA:0,(anonymous_3)
DA:3,0
DA:11,0
DA:13,0
DA:17,0
DA:21,0
DA:25,0
DA:29,0
DA:33,0
DA:37,0
DA:45,0
LF:10
LH:0
BRF:0
BRH:0
end_of_record
TN:
SF:C:\1.drive\training\toshiba\vue\day-9\src\services\product.js
FN:5,fetchProducts
FN:8,(anonymous_1)
FN:12,(anonymous_2)
FN:17,fetchProductItem
FN:20,(anonymous_4)
FN:24,(anonymous_5)
FN:29,getCategoryList
FN:32,(anonymous_7)
FN:36,(anonymous_8)
FN:41,getProductInCategory
FN:48,(anonymous_10)
FN:52,(anonymous_11)
FN:57,deleteProduct
FN:60,(anonymous_13)
FN:64,(anonymous_14)
FNF:15
FNH:0
FNDA:0,fetchProducts
FNDA:0,(anonymous_1)
FNDA:0,(anonymous_2)
FNDA:0,fetchProductItem
FNDA:0,(anonymous_4)
FNDA:0,(anonymous_5)
FNDA:0,getCategoryList
FNDA:0,(anonymous_7)
FNDA:0,(anonymous_8)
FNDA:0,getProductInCategory
FNDA:0,(anonymous_10)
FNDA:0,(anonymous_11)
FNDA:0,deleteProduct
FNDA:0,(anonymous_13)
FNDA:0,(anonymous_14)
DA:6,0
DA:9,0
DA:10,0
DA:13,0
DA:18,0
DA:21,0
DA:22,0
DA:25,0
DA:30,0
DA:33,0
DA:34,0
DA:37,0
DA:42,0
DA:49,0
DA:50,0
DA:53,0
DA:58,0
DA:61,0
DA:62,0
DA:65,0
LF:20
LH:0
BRF:0
BRH:0
end_of_record
TN:
SF:C:\1.drive\training\toshiba\vue\day-9\src\services\user.js
FN:5,fetchUser
FN:8,(anonymous_1)
FN:12,(anonymous_2)
FN:17,updateUser
FN:18,(anonymous_4)
FN:21,(anonymous_5)
FN:25,(anonymous_6)
FNF:7
FNH:0
FNDA:0,fetchUser
FNDA:0,(anonymous_1)
FNDA:0,(anonymous_2)
FNDA:0,updateUser
FNDA:0,(anonymous_4)
FNDA:0,(anonymous_5)
FNDA:0,(anonymous_6)
DA:6,0
DA:9,0
DA:10,0
DA:13,0
DA:18,0
DA:19,0
DA:22,0
DA:23,0
DA:26,0
DA:27,0
LF:10
LH:0
BRF:0
BRH:0
end_of_record
TN:
SF:C:\1.drive\training\toshiba\vue\day-9\src\shared\toastMsg.js
FN:4,useToast
FN:7,(anonymous_1)
FN:8,(anonymous_2)
FN:9,(anonymous_3)
FNF:4
FNH:0
FNDA:0,useToast
FNDA:0,(anonymous_1)
FNDA:0,(anonymous_2)
FNDA:0,(anonymous_3)
DA:5,0
DA:6,0
DA:7,0
DA:8,0
DA:9,0
DA:10,0
DA:11,0
DA:13,0
DA:16,0
LF:9
LH:0
BRDA:10,0,0,0
BRDA:10,0,1,0
BRF:2
BRH:0
end_of_record
TN:
SF:C:\1.drive\training\toshiba\vue\day-9\src\shared\toastMsgTemp.js
FN:3,useToastTemp
FN:4,(anonymous_1)
FNF:2
FNH:0
FNDA:0,useToastTemp
FNDA:0,(anonymous_1)
DA:4,0
DA:5,0
LF:2
LH:0
BRF:0
BRH:0
end_of_record
TN:
SF:C:\1.drive\training\toshiba\vue\day-9\src\store\index.js
FNF:0
FNH:0
DA:8,0
DA:13,0
LF:2
LH:0
BRF:0
BRH:0
end_of_record
TN:
SF:C:\1.drive\training\toshiba\vue\day-9\src\store\modules\cart.js
FN:8,(anonymous_0)
FN:10,(anonymous_1)
FN:20,(anonymous_2)
FN:22,(anonymous_3)
FN:29,(anonymous_4)
FN:34,(anonymous_5)
FN:39,(anonymous_6)
FN:42,(anonymous_7)
FN:45,(anonymous_8)
FN:48,(anonymous_9)
FNF:10
FNH:0
FNDA:0,(anonymous_0)
FNDA:0,(anonymous_1)
FNDA:0,(anonymous_2)
FNDA:0,(anonymous_3)
FNDA:0,(anonymous_4)
FNDA:0,(anonymous_5)
FNDA:0,(anonymous_6)
FNDA:0,(anonymous_7)
FNDA:0,(anonymous_8)
FNDA:0,(anonymous_9)
DA:9,0
DA:10,0
DA:11,0
DA:12,0
DA:13,0
DA:16,0
DA:17,0
DA:21,0
DA:22,0
DA:23,0
DA:24,0
DA:25,0
DA:28,0
DA:29,0
DA:30,0
DA:35,0
DA:40,0
DA:43,0
DA:46,0
DA:49,0
LF:20
LH:0
BRDA:11,0,0,0
BRDA:11,0,1,0
BRDA:16,1,0,0
BRDA:16,1,1,0
BRDA:23,2,0,0
BRDA:23,2,1,0
BRDA:28,3,0,0
BRDA:28,3,1,0
BRF:8
BRH:0
end_of_record
TN:
SF:C:\1.drive\training\toshiba\vue\day-9\src\store\modules\lang.js
FN:7,(anonymous_0)
FN:12,(anonymous_1)
FNF:2
FNH:0
FNDA:0,(anonymous_0)
FNDA:0,(anonymous_1)
DA:8,0
DA:13,0
LF:2
LH:0
BRF:0
BRH:0
end_of_record
TN:
SF:C:\1.drive\training\toshiba\vue\day-9\src\store\modules\product.js
FN:10,(anonymous_0)
FN:15,(anonymous_1)
FN:21,(anonymous_2)
FN:22,(anonymous_3)
FN:26,(anonymous_4)
FNF:5
FNH:0
FNDA:0,(anonymous_0)
FNDA:0,(anonymous_1)
FNDA:0,(anonymous_2)
FNDA:0,(anonymous_3)
FNDA:0,(anonymous_4)
DA:11,0
DA:16,0
DA:17,0
DA:22,0
DA:23,0
DA:27,0
LF:6
LH:0
BRF:0
BRH:0
end_of_record
TN:
SF:C:\1.drive\training\toshiba\vue\day-9\src\store\modules\user.js
FN:9,(anonymous_0)
FN:13,(anonymous_1)
FN:19,(anonymous_2)
FN:20,(anonymous_3)
FN:29,(anonymous_4)
FN:31,(anonymous_5)
FNF:6
FNH:0
FNDA:0,(anonymous_0)
FNDA:0,(anonymous_1)
FNDA:0,(anonymous_2)
FNDA:0,(anonymous_3)
FNDA:0,(anonymous_4)
FNDA:0,(anonymous_5)
DA:10,0
DA:11,0
DA:14,0
DA:15,0
DA:20,0
DA:21,0
DA:22,0
DA:23,0
DA:25,0
DA:30,0
DA:31,0
DA:32,0
DA:33,0
DA:34,0
LF:14
LH:0
BRDA:21,0,0,0
BRDA:21,0,1,0
BRF:2
BRH:0
end_of_record
TN:
SF:C:\1.drive\training\toshiba\vue\day-9\src\utils\helper.js
FN:1,upperCase
FN:5,add
FNF:2
FNH:1
FNDA:3,upperCase
FNDA:0,add
DA:2,3
DA:6,0
LF:2
LH:1
BRF:0
BRH:0
end_of_record
TN:
SF:C:\1.drive\training\toshiba\vue\day-9\src\utils\products.js
FNF:0
FNH:0
DA:1,0
LF:1
LH:0
BRF:0
BRH:0
end_of_record
TN:
SF:C:\1.drive\training\toshiba\vue\day-9\src\views\Cart.vue
FN:22,(anonymous_0)
FNF:1
FNH:0
FNDA:0,(anonymous_0)
DA:18,0
DA:19,0
DA:23,0
LF:3
LH:0
BRF:0
BRH:0
end_of_record
TN:
SF:C:\1.drive\training\toshiba\vue\day-9\src\views\Category.vue
FN:21,(anonymous_0)
FN:30,(anonymous_1)
FN:38,(anonymous_2)
FN:47,(anonymous_3)
FNF:4
FNH:0
FNDA:0,(anonymous_0)
FNDA:0,(anonymous_1)
FNDA:0,(anonymous_2)
FNDA:0,(anonymous_3)
DA:16,0
DA:17,0
DA:18,0
DA:19,0
DA:22,0
DA:23,0
DA:31,0
DA:39,0
DA:40,0
DA:48,0
DA:49,0
LF:11
LH:0
BRF:0
BRH:0
end_of_record
TN:
SF:C:\1.drive\training\toshiba\vue\day-9\src\views\Home.vue
FN:20,(anonymous_0)
FN:33,(anonymous_1)
FN:47,(anonymous_2)
FNF:3
FNH:0
FNDA:0,(anonymous_0)
FNDA:0,(anonymous_1)
FNDA:0,(anonymous_2)
DA:15,0
DA:16,0
DA:17,0
DA:18,0
DA:21,0
DA:22,0
DA:34,0
DA:35,0
DA:37,0
DA:38,0
DA:39,0
DA:40,0
DA:41,0
DA:48,0
LF:14
LH:0
BRDA:34,0,0,0
BRDA:34,0,1,0
BRDA:40,1,0,0
BRDA:40,1,1,0
BRF:4
BRH:0
end_of_record
TN:
SF:C:\1.drive\training\toshiba\vue\day-9\src\views\I18nTest.vue
FN:9,(anonymous_0)
FN:18,(anonymous_1)
FNF:2
FNH:0
FNDA:0,(anonymous_0)
FNDA:0,(anonymous_1)
DA:8,0
DA:10,0
DA:19,0
DA:20,0
DA:21,0
DA:22,0
DA:24,0
LF:7
LH:0
BRDA:19,0,0,0
BRDA:19,0,1,0
BRDA:21,1,0,0
BRDA:21,1,1,0
BRF:4
BRH:0
end_of_record
TN:
SF:C:\1.drive\training\toshiba\vue\day-9\src\views\Login.vue
FN:26,(anonymous_0)
FN:34,login
FN:38,signup
FNF:3
FNH:0
FNDA:0,(anonymous_0)
FNDA:0,login
FNDA:0,signup
DA:21,0
DA:22,0
DA:23,0
DA:24,0
DA:25,0
DA:27,0
DA:28,0
DA:29,0
DA:30,0
DA:35,0
DA:36,0
DA:39,0
DA:41,0
LF:13
LH:0
BRF:0
BRH:0
end_of_record
TN:
SF:C:\1.drive\training\toshiba\vue\day-9\src\views\NotFound.vue
FNF:0
FNH:0
DA:5,0
LF:1
LH:0
BRF:0
BRH:0
end_of_record
TN:
SF:C:\1.drive\training\toshiba\vue\day-9\src\views\ProductDetail.vue
FN:45,(anonymous_0)
FN:58,(anonymous_1)
FN:60,(anonymous_2)
FN:68,(anonymous_3)
FN:72,(anonymous_4)
FNF:5
FNH:0
FNDA:0,(anonymous_0)
FNDA:0,(anonymous_1)
FNDA:0,(anonymous_2)
FNDA:0,(anonymous_3)
FNDA:0,(anonymous_4)
DA:35,0
DA:36,0
DA:37,0
DA:38,0
DA:39,0
DA:46,0
DA:59,0
DA:60,0
DA:61,0
DA:62,0
DA:64,0
DA:69,0
DA:70,0
DA:73,0
LF:14
LH:0
BRDA:61,0,0,0
BRDA:61,0,1,0
BRF:2
BRH:0
end_of_record
TN:
SF:C:\1.drive\training\toshiba\vue\day-9\src\views\Profile.vue
FNF:0
FNH:0
DA:21,0
LF:1
LH:0
BRF:0
BRH:0
end_of_record
TN:
SF:C:\1.drive\training\toshiba\vue\day-9\src\views\SignUp.vue
FN:72,(anonymous_0)
FN:87,(anonymous_1)
FN:90,(anonymous_2)
FN:100,(anonymous_3)
FN:103,(anonymous_4)
FNF:5
FNH:0
FNDA:0,(anonymous_0)
FNDA:0,(anonymous_1)
FNDA:0,(anonymous_2)
FNDA:0,(anonymous_3)
FNDA:0,(anonymous_4)
DA:71,0
DA:73,0
DA:88,0
DA:91,0
DA:92,0
DA:93,0
DA:95,0
DA:96,0
DA:101,0
DA:104,0
LF:10
LH:0
BRDA:91,0,0,0
BRDA:91,0,1,0
BRF:2
BRH:0
end_of_record
TN:
SF:C:\1.drive\training\toshiba\vue\day-9\src\views\profile\Personal.vue
FN:43,(anonymous_0)
FN:50,(anonymous_1)
FN:51,(anonymous_2)
FN:57,(anonymous_3)
FN:59,(anonymous_4)
FN:63,(anonymous_5)
FNF:6
FNH:0
FNDA:0,(anonymous_0)
FNDA:0,(anonymous_1)
FNDA:0,(anonymous_2)
FNDA:0,(anonymous_3)
FNDA:0,(anonymous_4)
FNDA:0,(anonymous_5)
DA:36,0
DA:37,0
DA:38,0
DA:39,0
DA:44,0
DA:51,0
DA:52,0
DA:53,0
DA:58,0
DA:60,0
DA:61,0
DA:64,0
DA:65,0
LF:13
LH:0
BRF:0
BRH:0
end_of_record
TN:
SF:C:\1.drive\training\toshiba\vue\day-9\src\views\profile\Privacy.vue
FNF:0
FNH:0
DA:3,0
LF:1
LH:0
BRF:0
BRH:0
end_of_record
TN:
SF:C:\1.drive\training\toshiba\vue\day-9\src\views\profile\Settings.vue
FNF:0
FNH:0
DA:3,0
LF:1
LH:0
BRF:0
BRH:0
end_of_record
